<?xml version="1.0" encoding="UTF-8"?>
<testsuite xmlns:xsi="http://www.w3.org/2001/XMLSchema-instance" xsi:noNamespaceSchemaLocation="https://maven.apache.org/surefire/maven-surefire-plugin/xsd/surefire-test-report-3.0.xsd" version="3.0" name="com.threads.concurrency.ConcurrencyApplicationTests" time="11.238" tests="1" errors="0" skipped="0" failures="0">
  <properties>
    <property name="java.specification.version" value="21"/>
    <property name="sun.jnu.encoding" value="UTF-8"/>
    <property name="java.class.path" value="/home/kduah/Desktop/threads/concurrency/target/test-classes:/home/kduah/Desktop/threads/concurrency/target/classes:/home/kduah/.m2/repository/org/springframework/boot/spring-boot-starter-logging/3.3.4/spring-boot-starter-logging-3.3.4.jar:/home/kduah/.m2/repository/ch/qos/logback/logback-classic/1.5.8/logback-classic-1.5.8.jar:/home/kduah/.m2/repository/ch/qos/logback/logback-core/1.5.8/logback-core-1.5.8.jar:/home/kduah/.m2/repository/org/slf4j/slf4j-api/2.0.16/slf4j-api-2.0.16.jar:/home/kduah/.m2/repository/org/apache/logging/log4j/log4j-to-slf4j/2.23.1/log4j-to-slf4j-2.23.1.jar:/home/kduah/.m2/repository/org/apache/logging/log4j/log4j-api/2.23.1/log4j-api-2.23.1.jar:/home/kduah/.m2/repository/org/slf4j/jul-to-slf4j/2.0.16/jul-to-slf4j-2.0.16.jar:/home/kduah/.m2/repository/org/springframework/boot/spring-boot-starter-log4j2/3.3.4/spring-boot-starter-log4j2-3.3.4.jar:/home/kduah/.m2/repository/org/apache/logging/log4j/log4j-slf4j2-impl/2.23.1/log4j-slf4j2-impl-2.23.1.jar:/home/kduah/.m2/repository/org/apache/logging/log4j/log4j-core/2.23.1/log4j-core-2.23.1.jar:/home/kduah/.m2/repository/org/apache/logging/log4j/log4j-jul/2.23.1/log4j-jul-2.23.1.jar:/home/kduah/.m2/repository/org/springframework/boot/spring-boot-starter-actuator/3.3.4/spring-boot-starter-actuator-3.3.4.jar:/home/kduah/.m2/repository/org/springframework/boot/spring-boot-starter/3.3.4/spring-boot-starter-3.3.4.jar:/home/kduah/.m2/repository/jakarta/annotation/jakarta.annotation-api/2.1.1/jakarta.annotation-api-2.1.1.jar:/home/kduah/.m2/repository/org/yaml/snakeyaml/2.2/snakeyaml-2.2.jar:/home/kduah/.m2/repository/org/springframework/boot/spring-boot-actuator-autoconfigure/3.3.4/spring-boot-actuator-autoconfigure-3.3.4.jar:/home/kduah/.m2/repository/org/springframework/boot/spring-boot-actuator/3.3.4/spring-boot-actuator-3.3.4.jar:/home/kduah/.m2/repository/com/fasterxml/jackson/core/jackson-databind/2.17.2/jackson-databind-2.17.2.jar:/home/kduah/.m2/repository/com/fasterxml/jackson/core/jackson-annotations/2.17.2/jackson-annotations-2.17.2.jar:/home/kduah/.m2/repository/com/fasterxml/jackson/core/jackson-core/2.17.2/jackson-core-2.17.2.jar:/home/kduah/.m2/repository/com/fasterxml/jackson/datatype/jackson-datatype-jsr310/2.17.2/jackson-datatype-jsr310-2.17.2.jar:/home/kduah/.m2/repository/io/micrometer/micrometer-observation/1.13.4/micrometer-observation-1.13.4.jar:/home/kduah/.m2/repository/io/micrometer/micrometer-commons/1.13.4/micrometer-commons-1.13.4.jar:/home/kduah/.m2/repository/io/micrometer/micrometer-jakarta9/1.13.4/micrometer-jakarta9-1.13.4.jar:/home/kduah/.m2/repository/io/micrometer/micrometer-core/1.13.4/micrometer-core-1.13.4.jar:/home/kduah/.m2/repository/org/hdrhistogram/HdrHistogram/2.2.2/HdrHistogram-2.2.2.jar:/home/kduah/.m2/repository/org/latencyutils/LatencyUtils/2.0.3/LatencyUtils-2.0.3.jar:/home/kduah/.m2/repository/com/github/ben-manes/caffeine/caffeine/3.1.8/caffeine-3.1.8.jar:/home/kduah/.m2/repository/org/checkerframework/checker-qual/3.37.0/checker-qual-3.37.0.jar:/home/kduah/.m2/repository/com/google/errorprone/error_prone_annotations/2.21.1/error_prone_annotations-2.21.1.jar:/home/kduah/.m2/repository/org/springframework/boot/spring-boot-starter-data-redis/3.3.4/spring-boot-starter-data-redis-3.3.4.jar:/home/kduah/.m2/repository/io/lettuce/lettuce-core/6.3.2.RELEASE/lettuce-core-6.3.2.RELEASE.jar:/home/kduah/.m2/repository/io/netty/netty-common/4.1.113.Final/netty-common-4.1.113.Final.jar:/home/kduah/.m2/repository/io/netty/netty-handler/4.1.113.Final/netty-handler-4.1.113.Final.jar:/home/kduah/.m2/repository/io/netty/netty-resolver/4.1.113.Final/netty-resolver-4.1.113.Final.jar:/home/kduah/.m2/repository/io/netty/netty-buffer/4.1.113.Final/netty-buffer-4.1.113.Final.jar:/home/kduah/.m2/repository/io/netty/netty-transport-native-unix-common/4.1.113.Final/netty-transport-native-unix-common-4.1.113.Final.jar:/home/kduah/.m2/repository/io/netty/netty-codec/4.1.113.Final/netty-codec-4.1.113.Final.jar:/home/kduah/.m2/repository/io/netty/netty-transport/4.1.113.Final/netty-transport-4.1.113.Final.jar:/home/kduah/.m2/repository/io/projectreactor/reactor-core/3.6.10/reactor-core-3.6.10.jar:/home/kduah/.m2/repository/org/reactivestreams/reactive-streams/1.0.4/reactive-streams-1.0.4.jar:/home/kduah/.m2/repository/org/springframework/data/spring-data-redis/3.3.4/spring-data-redis-3.3.4.jar:/home/kduah/.m2/repository/org/springframework/data/spring-data-keyvalue/3.3.4/spring-data-keyvalue-3.3.4.jar:/home/kduah/.m2/repository/org/springframework/spring-tx/6.1.13/spring-tx-6.1.13.jar:/home/kduah/.m2/repository/org/springframework/spring-oxm/6.1.13/spring-oxm-6.1.13.jar:/home/kduah/.m2/repository/org/springframework/spring-aop/6.1.13/spring-aop-6.1.13.jar:/home/kduah/.m2/repository/org/springframework/spring-context-support/6.1.13/spring-context-support-6.1.13.jar:/home/kduah/.m2/repository/org/springframework/boot/spring-boot-starter-data-jdbc/3.3.4/spring-boot-starter-data-jdbc-3.3.4.jar:/home/kduah/.m2/repository/org/springframework/boot/spring-boot-starter-jdbc/3.3.4/spring-boot-starter-jdbc-3.3.4.jar:/home/kduah/.m2/repository/com/zaxxer/HikariCP/5.1.0/HikariCP-5.1.0.jar:/home/kduah/.m2/repository/org/springframework/spring-jdbc/6.1.13/spring-jdbc-6.1.13.jar:/home/kduah/.m2/repository/org/springframework/data/spring-data-jdbc/3.3.4/spring-data-jdbc-3.3.4.jar:/home/kduah/.m2/repository/org/springframework/data/spring-data-relational/3.3.4/spring-data-relational-3.3.4.jar:/home/kduah/.m2/repository/org/springframework/data/spring-data-commons/3.3.4/spring-data-commons-3.3.4.jar:/home/kduah/.m2/repository/org/springframework/spring-context/6.1.13/spring-context-6.1.13.jar:/home/kduah/.m2/repository/org/springframework/spring-beans/6.1.13/spring-beans-6.1.13.jar:/home/kduah/.m2/repository/org/springframework/boot/spring-boot-starter-data-jpa/3.3.4/spring-boot-starter-data-jpa-3.3.4.jar:/home/kduah/.m2/repository/org/springframework/boot/spring-boot-starter-aop/3.3.4/spring-boot-starter-aop-3.3.4.jar:/home/kduah/.m2/repository/org/aspectj/aspectjweaver/1.9.22.1/aspectjweaver-1.9.22.1.jar:/home/kduah/.m2/repository/org/hibernate/orm/hibernate-core/6.5.3.Final/hibernate-core-6.5.3.Final.jar:/home/kduah/.m2/repository/jakarta/persistence/jakarta.persistence-api/3.1.0/jakarta.persistence-api-3.1.0.jar:/home/kduah/.m2/repository/jakarta/transaction/jakarta.transaction-api/2.0.1/jakarta.transaction-api-2.0.1.jar:/home/kduah/.m2/repository/org/jboss/logging/jboss-logging/3.5.3.Final/jboss-logging-3.5.3.Final.jar:/home/kduah/.m2/repository/org/hibernate/common/hibernate-commons-annotations/6.0.6.Final/hibernate-commons-annotations-6.0.6.Final.jar:/home/kduah/.m2/repository/io/smallrye/jandex/3.1.2/jandex-3.1.2.jar:/home/kduah/.m2/repository/com/fasterxml/classmate/1.7.0/classmate-1.7.0.jar:/home/kduah/.m2/repository/net/bytebuddy/byte-buddy/1.14.19/byte-buddy-1.14.19.jar:/home/kduah/.m2/repository/org/glassfish/jaxb/jaxb-runtime/4.0.5/jaxb-runtime-4.0.5.jar:/home/kduah/.m2/repository/org/glassfish/jaxb/jaxb-core/4.0.5/jaxb-core-4.0.5.jar:/home/kduah/.m2/repository/org/eclipse/angus/angus-activation/2.0.2/angus-activation-2.0.2.jar:/home/kduah/.m2/repository/org/glassfish/jaxb/txw2/4.0.5/txw2-4.0.5.jar:/home/kduah/.m2/repository/com/sun/istack/istack-commons-runtime/4.1.2/istack-commons-runtime-4.1.2.jar:/home/kduah/.m2/repository/jakarta/inject/jakarta.inject-api/2.0.1/jakarta.inject-api-2.0.1.jar:/home/kduah/.m2/repository/org/antlr/antlr4-runtime/4.13.0/antlr4-runtime-4.13.0.jar:/home/kduah/.m2/repository/org/springframework/data/spring-data-jpa/3.3.4/spring-data-jpa-3.3.4.jar:/home/kduah/.m2/repository/org/springframework/spring-orm/6.1.13/spring-orm-6.1.13.jar:/home/kduah/.m2/repository/org/springframework/spring-aspects/6.1.13/spring-aspects-6.1.13.jar:/home/kduah/.m2/repository/org/springframework/boot/spring-boot-starter-hateoas/3.3.4/spring-boot-starter-hateoas-3.3.4.jar:/home/kduah/.m2/repository/org/springframework/hateoas/spring-hateoas/2.3.3/spring-hateoas-2.3.3.jar:/home/kduah/.m2/repository/org/springframework/plugin/spring-plugin-core/3.0.0/spring-plugin-core-3.0.0.jar:/home/kduah/.m2/repository/org/springframework/boot/spring-boot-starter-web/3.3.4/spring-boot-starter-web-3.3.4.jar:/home/kduah/.m2/repository/org/springframework/boot/spring-boot-starter-json/3.3.4/spring-boot-starter-json-3.3.4.jar:/home/kduah/.m2/repository/com/fasterxml/jackson/datatype/jackson-datatype-jdk8/2.17.2/jackson-datatype-jdk8-2.17.2.jar:/home/kduah/.m2/repository/com/fasterxml/jackson/module/jackson-module-parameter-names/2.17.2/jackson-module-parameter-names-2.17.2.jar:/home/kduah/.m2/repository/org/springframework/boot/spring-boot-starter-tomcat/3.3.4/spring-boot-starter-tomcat-3.3.4.jar:/home/kduah/.m2/repository/org/apache/tomcat/embed/tomcat-embed-core/10.1.30/tomcat-embed-core-10.1.30.jar:/home/kduah/.m2/repository/org/apache/tomcat/embed/tomcat-embed-el/10.1.30/tomcat-embed-el-10.1.30.jar:/home/kduah/.m2/repository/org/apache/tomcat/embed/tomcat-embed-websocket/10.1.30/tomcat-embed-websocket-10.1.30.jar:/home/kduah/.m2/repository/org/springframework/spring-web/6.1.13/spring-web-6.1.13.jar:/home/kduah/.m2/repository/org/springframework/spring-webmvc/6.1.13/spring-webmvc-6.1.13.jar:/home/kduah/.m2/repository/org/springframework/spring-expression/6.1.13/spring-expression-6.1.13.jar:/home/kduah/.m2/repository/org/springframework/boot/spring-boot-devtools/3.3.4/spring-boot-devtools-3.3.4.jar:/home/kduah/.m2/repository/org/springframework/boot/spring-boot/3.3.4/spring-boot-3.3.4.jar:/home/kduah/.m2/repository/org/springframework/boot/spring-boot-autoconfigure/3.3.4/spring-boot-autoconfigure-3.3.4.jar:/home/kduah/.m2/repository/org/postgresql/postgresql/42.7.4/postgresql-42.7.4.jar:/home/kduah/.m2/repository/org/projectlombok/lombok/1.18.34/lombok-1.18.34.jar:/home/kduah/.m2/repository/org/springframework/boot/spring-boot-starter-test/3.3.4/spring-boot-starter-test-3.3.4.jar:/home/kduah/.m2/repository/org/springframework/boot/spring-boot-test/3.3.4/spring-boot-test-3.3.4.jar:/home/kduah/.m2/repository/org/springframework/boot/spring-boot-test-autoconfigure/3.3.4/spring-boot-test-autoconfigure-3.3.4.jar:/home/kduah/.m2/repository/com/jayway/jsonpath/json-path/2.9.0/json-path-2.9.0.jar:/home/kduah/.m2/repository/jakarta/xml/bind/jakarta.xml.bind-api/4.0.2/jakarta.xml.bind-api-4.0.2.jar:/home/kduah/.m2/repository/jakarta/activation/jakarta.activation-api/2.1.3/jakarta.activation-api-2.1.3.jar:/home/kduah/.m2/repository/net/minidev/json-smart/2.5.1/json-smart-2.5.1.jar:/home/kduah/.m2/repository/net/minidev/accessors-smart/2.5.1/accessors-smart-2.5.1.jar:/home/kduah/.m2/repository/org/ow2/asm/asm/9.6/asm-9.6.jar:/home/kduah/.m2/repository/org/assertj/assertj-core/3.25.3/assertj-core-3.25.3.jar:/home/kduah/.m2/repository/org/awaitility/awaitility/4.2.2/awaitility-4.2.2.jar:/home/kduah/.m2/repository/org/hamcrest/hamcrest/2.2/hamcrest-2.2.jar:/home/kduah/.m2/repository/org/junit/jupiter/junit-jupiter/5.10.3/junit-jupiter-5.10.3.jar:/home/kduah/.m2/repository/org/junit/jupiter/junit-jupiter-api/5.10.3/junit-jupiter-api-5.10.3.jar:/home/kduah/.m2/repository/org/opentest4j/opentest4j/1.3.0/opentest4j-1.3.0.jar:/home/kduah/.m2/repository/org/junit/platform/junit-platform-commons/1.10.3/junit-platform-commons-1.10.3.jar:/home/kduah/.m2/repository/org/apiguardian/apiguardian-api/1.1.2/apiguardian-api-1.1.2.jar:/home/kduah/.m2/repository/org/junit/jupiter/junit-jupiter-params/5.10.3/junit-jupiter-params-5.10.3.jar:/home/kduah/.m2/repository/org/junit/jupiter/junit-jupiter-engine/5.10.3/junit-jupiter-engine-5.10.3.jar:/home/kduah/.m2/repository/org/junit/platform/junit-platform-engine/1.10.3/junit-platform-engine-1.10.3.jar:/home/kduah/.m2/repository/org/mockito/mockito-core/5.11.0/mockito-core-5.11.0.jar:/home/kduah/.m2/repository/net/bytebuddy/byte-buddy-agent/1.14.19/byte-buddy-agent-1.14.19.jar:/home/kduah/.m2/repository/org/objenesis/objenesis/3.3/objenesis-3.3.jar:/home/kduah/.m2/repository/org/mockito/mockito-junit-jupiter/5.11.0/mockito-junit-jupiter-5.11.0.jar:/home/kduah/.m2/repository/org/skyscreamer/jsonassert/1.5.3/jsonassert-1.5.3.jar:/home/kduah/.m2/repository/com/vaadin/external/google/android-json/0.0.20131108.vaadin1/android-json-0.0.20131108.vaadin1.jar:/home/kduah/.m2/repository/org/springframework/spring-core/6.1.13/spring-core-6.1.13.jar:/home/kduah/.m2/repository/org/springframework/spring-jcl/6.1.13/spring-jcl-6.1.13.jar:/home/kduah/.m2/repository/org/springframework/spring-test/6.1.13/spring-test-6.1.13.jar:/home/kduah/.m2/repository/org/xmlunit/xmlunit-core/2.9.1/xmlunit-core-2.9.1.jar:/home/kduah/.m2/repository/org/springframework/restdocs/spring-restdocs-mockmvc/3.0.1/spring-restdocs-mockmvc-3.0.1.jar:/home/kduah/.m2/repository/org/springframework/restdocs/spring-restdocs-core/3.0.1/spring-restdocs-core-3.0.1.jar:/home/kduah/.m2/repository/jakarta/servlet/jakarta.servlet-api/6.0.0/jakarta.servlet-api-6.0.0.jar:"/>
    <property name="java.vm.vendor" value="Oracle Corporation"/>
    <property name="sun.arch.data.model" value="64"/>
    <property name="java.vendor.url" value="https://java.oracle.com/"/>
    <property name="user.timezone" value="Africa/Accra"/>
    <property name="org.jboss.logging.provider" value="slf4j"/>
    <property name="os.name" value="Linux"/>
    <property name="java.vm.specification.version" value="21"/>
    <property name="sun.java.launcher" value="SUN_STANDARD"/>
    <property name="user.country" value="GB"/>
    <property name="sun.boot.library.path" value="/usr/lib/jvm/jdk-21-oracle-x64/lib"/>
    <property name="sun.java.command" value="/home/kduah/Desktop/threads/concurrency/target/surefire/surefirebooter-20240925143812190_3.jar /home/kduah/Desktop/threads/concurrency/target/surefire 2024-09-25T14-38-11_214-jvmRun1 surefire-20240925143812190_1tmp surefire_0-20240925143812190_2tmp"/>
    <property name="jdk.debug" value="release"/>
    <property name="surefire.test.class.path" value="/home/kduah/Desktop/threads/concurrency/target/test-classes:/home/kduah/Desktop/threads/concurrency/target/classes:/home/kduah/.m2/repository/org/springframework/boot/spring-boot-starter-logging/3.3.4/spring-boot-starter-logging-3.3.4.jar:/home/kduah/.m2/repository/ch/qos/logback/logback-classic/1.5.8/logback-classic-1.5.8.jar:/home/kduah/.m2/repository/ch/qos/logback/logback-core/1.5.8/logback-core-1.5.8.jar:/home/kduah/.m2/repository/org/slf4j/slf4j-api/2.0.16/slf4j-api-2.0.16.jar:/home/kduah/.m2/repository/org/apache/logging/log4j/log4j-to-slf4j/2.23.1/log4j-to-slf4j-2.23.1.jar:/home/kduah/.m2/repository/org/apache/logging/log4j/log4j-api/2.23.1/log4j-api-2.23.1.jar:/home/kduah/.m2/repository/org/slf4j/jul-to-slf4j/2.0.16/jul-to-slf4j-2.0.16.jar:/home/kduah/.m2/repository/org/springframework/boot/spring-boot-starter-log4j2/3.3.4/spring-boot-starter-log4j2-3.3.4.jar:/home/kduah/.m2/repository/org/apache/logging/log4j/log4j-slf4j2-impl/2.23.1/log4j-slf4j2-impl-2.23.1.jar:/home/kduah/.m2/repository/org/apache/logging/log4j/log4j-core/2.23.1/log4j-core-2.23.1.jar:/home/kduah/.m2/repository/org/apache/logging/log4j/log4j-jul/2.23.1/log4j-jul-2.23.1.jar:/home/kduah/.m2/repository/org/springframework/boot/spring-boot-starter-actuator/3.3.4/spring-boot-starter-actuator-3.3.4.jar:/home/kduah/.m2/repository/org/springframework/boot/spring-boot-starter/3.3.4/spring-boot-starter-3.3.4.jar:/home/kduah/.m2/repository/jakarta/annotation/jakarta.annotation-api/2.1.1/jakarta.annotation-api-2.1.1.jar:/home/kduah/.m2/repository/org/yaml/snakeyaml/2.2/snakeyaml-2.2.jar:/home/kduah/.m2/repository/org/springframework/boot/spring-boot-actuator-autoconfigure/3.3.4/spring-boot-actuator-autoconfigure-3.3.4.jar:/home/kduah/.m2/repository/org/springframework/boot/spring-boot-actuator/3.3.4/spring-boot-actuator-3.3.4.jar:/home/kduah/.m2/repository/com/fasterxml/jackson/core/jackson-databind/2.17.2/jackson-databind-2.17.2.jar:/home/kduah/.m2/repository/com/fasterxml/jackson/core/jackson-annotations/2.17.2/jackson-annotations-2.17.2.jar:/home/kduah/.m2/repository/com/fasterxml/jackson/core/jackson-core/2.17.2/jackson-core-2.17.2.jar:/home/kduah/.m2/repository/com/fasterxml/jackson/datatype/jackson-datatype-jsr310/2.17.2/jackson-datatype-jsr310-2.17.2.jar:/home/kduah/.m2/repository/io/micrometer/micrometer-observation/1.13.4/micrometer-observation-1.13.4.jar:/home/kduah/.m2/repository/io/micrometer/micrometer-commons/1.13.4/micrometer-commons-1.13.4.jar:/home/kduah/.m2/repository/io/micrometer/micrometer-jakarta9/1.13.4/micrometer-jakarta9-1.13.4.jar:/home/kduah/.m2/repository/io/micrometer/micrometer-core/1.13.4/micrometer-core-1.13.4.jar:/home/kduah/.m2/repository/org/hdrhistogram/HdrHistogram/2.2.2/HdrHistogram-2.2.2.jar:/home/kduah/.m2/repository/org/latencyutils/LatencyUtils/2.0.3/LatencyUtils-2.0.3.jar:/home/kduah/.m2/repository/com/github/ben-manes/caffeine/caffeine/3.1.8/caffeine-3.1.8.jar:/home/kduah/.m2/repository/org/checkerframework/checker-qual/3.37.0/checker-qual-3.37.0.jar:/home/kduah/.m2/repository/com/google/errorprone/error_prone_annotations/2.21.1/error_prone_annotations-2.21.1.jar:/home/kduah/.m2/repository/org/springframework/boot/spring-boot-starter-data-redis/3.3.4/spring-boot-starter-data-redis-3.3.4.jar:/home/kduah/.m2/repository/io/lettuce/lettuce-core/6.3.2.RELEASE/lettuce-core-6.3.2.RELEASE.jar:/home/kduah/.m2/repository/io/netty/netty-common/4.1.113.Final/netty-common-4.1.113.Final.jar:/home/kduah/.m2/repository/io/netty/netty-handler/4.1.113.Final/netty-handler-4.1.113.Final.jar:/home/kduah/.m2/repository/io/netty/netty-resolver/4.1.113.Final/netty-resolver-4.1.113.Final.jar:/home/kduah/.m2/repository/io/netty/netty-buffer/4.1.113.Final/netty-buffer-4.1.113.Final.jar:/home/kduah/.m2/repository/io/netty/netty-transport-native-unix-common/4.1.113.Final/netty-transport-native-unix-common-4.1.113.Final.jar:/home/kduah/.m2/repository/io/netty/netty-codec/4.1.113.Final/netty-codec-4.1.113.Final.jar:/home/kduah/.m2/repository/io/netty/netty-transport/4.1.113.Final/netty-transport-4.1.113.Final.jar:/home/kduah/.m2/repository/io/projectreactor/reactor-core/3.6.10/reactor-core-3.6.10.jar:/home/kduah/.m2/repository/org/reactivestreams/reactive-streams/1.0.4/reactive-streams-1.0.4.jar:/home/kduah/.m2/repository/org/springframework/data/spring-data-redis/3.3.4/spring-data-redis-3.3.4.jar:/home/kduah/.m2/repository/org/springframework/data/spring-data-keyvalue/3.3.4/spring-data-keyvalue-3.3.4.jar:/home/kduah/.m2/repository/org/springframework/spring-tx/6.1.13/spring-tx-6.1.13.jar:/home/kduah/.m2/repository/org/springframework/spring-oxm/6.1.13/spring-oxm-6.1.13.jar:/home/kduah/.m2/repository/org/springframework/spring-aop/6.1.13/spring-aop-6.1.13.jar:/home/kduah/.m2/repository/org/springframework/spring-context-support/6.1.13/spring-context-support-6.1.13.jar:/home/kduah/.m2/repository/org/springframework/boot/spring-boot-starter-data-jdbc/3.3.4/spring-boot-starter-data-jdbc-3.3.4.jar:/home/kduah/.m2/repository/org/springframework/boot/spring-boot-starter-jdbc/3.3.4/spring-boot-starter-jdbc-3.3.4.jar:/home/kduah/.m2/repository/com/zaxxer/HikariCP/5.1.0/HikariCP-5.1.0.jar:/home/kduah/.m2/repository/org/springframework/spring-jdbc/6.1.13/spring-jdbc-6.1.13.jar:/home/kduah/.m2/repository/org/springframework/data/spring-data-jdbc/3.3.4/spring-data-jdbc-3.3.4.jar:/home/kduah/.m2/repository/org/springframework/data/spring-data-relational/3.3.4/spring-data-relational-3.3.4.jar:/home/kduah/.m2/repository/org/springframework/data/spring-data-commons/3.3.4/spring-data-commons-3.3.4.jar:/home/kduah/.m2/repository/org/springframework/spring-context/6.1.13/spring-context-6.1.13.jar:/home/kduah/.m2/repository/org/springframework/spring-beans/6.1.13/spring-beans-6.1.13.jar:/home/kduah/.m2/repository/org/springframework/boot/spring-boot-starter-data-jpa/3.3.4/spring-boot-starter-data-jpa-3.3.4.jar:/home/kduah/.m2/repository/org/springframework/boot/spring-boot-starter-aop/3.3.4/spring-boot-starter-aop-3.3.4.jar:/home/kduah/.m2/repository/org/aspectj/aspectjweaver/1.9.22.1/aspectjweaver-1.9.22.1.jar:/home/kduah/.m2/repository/org/hibernate/orm/hibernate-core/6.5.3.Final/hibernate-core-6.5.3.Final.jar:/home/kduah/.m2/repository/jakarta/persistence/jakarta.persistence-api/3.1.0/jakarta.persistence-api-3.1.0.jar:/home/kduah/.m2/repository/jakarta/transaction/jakarta.transaction-api/2.0.1/jakarta.transaction-api-2.0.1.jar:/home/kduah/.m2/repository/org/jboss/logging/jboss-logging/3.5.3.Final/jboss-logging-3.5.3.Final.jar:/home/kduah/.m2/repository/org/hibernate/common/hibernate-commons-annotations/6.0.6.Final/hibernate-commons-annotations-6.0.6.Final.jar:/home/kduah/.m2/repository/io/smallrye/jandex/3.1.2/jandex-3.1.2.jar:/home/kduah/.m2/repository/com/fasterxml/classmate/1.7.0/classmate-1.7.0.jar:/home/kduah/.m2/repository/net/bytebuddy/byte-buddy/1.14.19/byte-buddy-1.14.19.jar:/home/kduah/.m2/repository/org/glassfish/jaxb/jaxb-runtime/4.0.5/jaxb-runtime-4.0.5.jar:/home/kduah/.m2/repository/org/glassfish/jaxb/jaxb-core/4.0.5/jaxb-core-4.0.5.jar:/home/kduah/.m2/repository/org/eclipse/angus/angus-activation/2.0.2/angus-activation-2.0.2.jar:/home/kduah/.m2/repository/org/glassfish/jaxb/txw2/4.0.5/txw2-4.0.5.jar:/home/kduah/.m2/repository/com/sun/istack/istack-commons-runtime/4.1.2/istack-commons-runtime-4.1.2.jar:/home/kduah/.m2/repository/jakarta/inject/jakarta.inject-api/2.0.1/jakarta.inject-api-2.0.1.jar:/home/kduah/.m2/repository/org/antlr/antlr4-runtime/4.13.0/antlr4-runtime-4.13.0.jar:/home/kduah/.m2/repository/org/springframework/data/spring-data-jpa/3.3.4/spring-data-jpa-3.3.4.jar:/home/kduah/.m2/repository/org/springframework/spring-orm/6.1.13/spring-orm-6.1.13.jar:/home/kduah/.m2/repository/org/springframework/spring-aspects/6.1.13/spring-aspects-6.1.13.jar:/home/kduah/.m2/repository/org/springframework/boot/spring-boot-starter-hateoas/3.3.4/spring-boot-starter-hateoas-3.3.4.jar:/home/kduah/.m2/repository/org/springframework/hateoas/spring-hateoas/2.3.3/spring-hateoas-2.3.3.jar:/home/kduah/.m2/repository/org/springframework/plugin/spring-plugin-core/3.0.0/spring-plugin-core-3.0.0.jar:/home/kduah/.m2/repository/org/springframework/boot/spring-boot-starter-web/3.3.4/spring-boot-starter-web-3.3.4.jar:/home/kduah/.m2/repository/org/springframework/boot/spring-boot-starter-json/3.3.4/spring-boot-starter-json-3.3.4.jar:/home/kduah/.m2/repository/com/fasterxml/jackson/datatype/jackson-datatype-jdk8/2.17.2/jackson-datatype-jdk8-2.17.2.jar:/home/kduah/.m2/repository/com/fasterxml/jackson/module/jackson-module-parameter-names/2.17.2/jackson-module-parameter-names-2.17.2.jar:/home/kduah/.m2/repository/org/springframework/boot/spring-boot-starter-tomcat/3.3.4/spring-boot-starter-tomcat-3.3.4.jar:/home/kduah/.m2/repository/org/apache/tomcat/embed/tomcat-embed-core/10.1.30/tomcat-embed-core-10.1.30.jar:/home/kduah/.m2/repository/org/apache/tomcat/embed/tomcat-embed-el/10.1.30/tomcat-embed-el-10.1.30.jar:/home/kduah/.m2/repository/org/apache/tomcat/embed/tomcat-embed-websocket/10.1.30/tomcat-embed-websocket-10.1.30.jar:/home/kduah/.m2/repository/org/springframework/spring-web/6.1.13/spring-web-6.1.13.jar:/home/kduah/.m2/repository/org/springframework/spring-webmvc/6.1.13/spring-webmvc-6.1.13.jar:/home/kduah/.m2/repository/org/springframework/spring-expression/6.1.13/spring-expression-6.1.13.jar:/home/kduah/.m2/repository/org/springframework/boot/spring-boot-devtools/3.3.4/spring-boot-devtools-3.3.4.jar:/home/kduah/.m2/repository/org/springframework/boot/spring-boot/3.3.4/spring-boot-3.3.4.jar:/home/kduah/.m2/repository/org/springframework/boot/spring-boot-autoconfigure/3.3.4/spring-boot-autoconfigure-3.3.4.jar:/home/kduah/.m2/repository/org/postgresql/postgresql/42.7.4/postgresql-42.7.4.jar:/home/kduah/.m2/repository/org/projectlombok/lombok/1.18.34/lombok-1.18.34.jar:/home/kduah/.m2/repository/org/springframework/boot/spring-boot-starter-test/3.3.4/spring-boot-starter-test-3.3.4.jar:/home/kduah/.m2/repository/org/springframework/boot/spring-boot-test/3.3.4/spring-boot-test-3.3.4.jar:/home/kduah/.m2/repository/org/springframework/boot/spring-boot-test-autoconfigure/3.3.4/spring-boot-test-autoconfigure-3.3.4.jar:/home/kduah/.m2/repository/com/jayway/jsonpath/json-path/2.9.0/json-path-2.9.0.jar:/home/kduah/.m2/repository/jakarta/xml/bind/jakarta.xml.bind-api/4.0.2/jakarta.xml.bind-api-4.0.2.jar:/home/kduah/.m2/repository/jakarta/activation/jakarta.activation-api/2.1.3/jakarta.activation-api-2.1.3.jar:/home/kduah/.m2/repository/net/minidev/json-smart/2.5.1/json-smart-2.5.1.jar:/home/kduah/.m2/repository/net/minidev/accessors-smart/2.5.1/accessors-smart-2.5.1.jar:/home/kduah/.m2/repository/org/ow2/asm/asm/9.6/asm-9.6.jar:/home/kduah/.m2/repository/org/assertj/assertj-core/3.25.3/assertj-core-3.25.3.jar:/home/kduah/.m2/repository/org/awaitility/awaitility/4.2.2/awaitility-4.2.2.jar:/home/kduah/.m2/repository/org/hamcrest/hamcrest/2.2/hamcrest-2.2.jar:/home/kduah/.m2/repository/org/junit/jupiter/junit-jupiter/5.10.3/junit-jupiter-5.10.3.jar:/home/kduah/.m2/repository/org/junit/jupiter/junit-jupiter-api/5.10.3/junit-jupiter-api-5.10.3.jar:/home/kduah/.m2/repository/org/opentest4j/opentest4j/1.3.0/opentest4j-1.3.0.jar:/home/kduah/.m2/repository/org/junit/platform/junit-platform-commons/1.10.3/junit-platform-commons-1.10.3.jar:/home/kduah/.m2/repository/org/apiguardian/apiguardian-api/1.1.2/apiguardian-api-1.1.2.jar:/home/kduah/.m2/repository/org/junit/jupiter/junit-jupiter-params/5.10.3/junit-jupiter-params-5.10.3.jar:/home/kduah/.m2/repository/org/junit/jupiter/junit-jupiter-engine/5.10.3/junit-jupiter-engine-5.10.3.jar:/home/kduah/.m2/repository/org/junit/platform/junit-platform-engine/1.10.3/junit-platform-engine-1.10.3.jar:/home/kduah/.m2/repository/org/mockito/mockito-core/5.11.0/mockito-core-5.11.0.jar:/home/kduah/.m2/repository/net/bytebuddy/byte-buddy-agent/1.14.19/byte-buddy-agent-1.14.19.jar:/home/kduah/.m2/repository/org/objenesis/objenesis/3.3/objenesis-3.3.jar:/home/kduah/.m2/repository/org/mockito/mockito-junit-jupiter/5.11.0/mockito-junit-jupiter-5.11.0.jar:/home/kduah/.m2/repository/org/skyscreamer/jsonassert/1.5.3/jsonassert-1.5.3.jar:/home/kduah/.m2/repository/com/vaadin/external/google/android-json/0.0.20131108.vaadin1/android-json-0.0.20131108.vaadin1.jar:/home/kduah/.m2/repository/org/springframework/spring-core/6.1.13/spring-core-6.1.13.jar:/home/kduah/.m2/repository/org/springframework/spring-jcl/6.1.13/spring-jcl-6.1.13.jar:/home/kduah/.m2/repository/org/springframework/spring-test/6.1.13/spring-test-6.1.13.jar:/home/kduah/.m2/repository/org/xmlunit/xmlunit-core/2.9.1/xmlunit-core-2.9.1.jar:/home/kduah/.m2/repository/org/springframework/restdocs/spring-restdocs-mockmvc/3.0.1/spring-restdocs-mockmvc-3.0.1.jar:/home/kduah/.m2/repository/org/springframework/restdocs/spring-restdocs-core/3.0.1/spring-restdocs-core-3.0.1.jar:/home/kduah/.m2/repository/jakarta/servlet/jakarta.servlet-api/6.0.0/jakarta.servlet-api-6.0.0.jar:"/>
    <property name="sun.cpu.endian" value="little"/>
    <property name="user.home" value="/home/kduah"/>
    <property name="user.language" value="en"/>
    <property name="java.specification.vendor" value="Oracle Corporation"/>
    <property name="java.version.date" value="2024-04-16"/>
    <property name="java.home" value="/usr/lib/jvm/jdk-21-oracle-x64"/>
    <property name="file.separator" value="/"/>
    <property name="basedir" value="/home/kduah/Desktop/threads/concurrency"/>
    <property name="java.vm.compressedOopsMode" value="Zero based"/>
    <property name="line.separator" value="&#10;"/>
    <property name="java.vm.specification.vendor" value="Oracle Corporation"/>
    <property name="java.specification.name" value="Java Platform API Specification"/>
    <property name="FILE_LOG_CHARSET" value="UTF-8"/>
    <property name="java.awt.headless" value="true"/>
    <property name="surefire.real.class.path" value="/home/kduah/Desktop/threads/concurrency/target/surefire/surefirebooter-20240925143812190_3.jar"/>
    <property name="sun.management.compiler" value="HotSpot 64-Bit Tiered Compilers"/>
    <property name="java.runtime.version" value="21.0.3+7-LTS-152"/>
    <property name="user.name" value="kduah"/>
    <property name="stdout.encoding" value="UTF-8"/>
    <property name="path.separator" value=":"/>
    <property name="os.version" value="5.15.0-122-generic"/>
    <property name="java.runtime.name" value="Java(TM) SE Runtime Environment"/>
    <property name="file.encoding" value="UTF-8"/>
    <property name="java.vm.name" value="Java HotSpot(TM) 64-Bit Server VM"/>
    <property name="localRepository" value="/home/kduah/.m2/repository"/>
    <property name="java.vendor.url.bug" value="https://bugreport.java.com/bugreport/"/>
    <property name="java.io.tmpdir" value="/tmp"/>
    <property name="com.zaxxer.hikari.pool_number" value="1"/>
    <property name="java.version" value="21.0.3"/>
    <property name="user.dir" value="/home/kduah/Desktop/threads/concurrency"/>
    <property name="os.arch" value="amd64"/>
    <property name="java.vm.specification.name" value="Java Virtual Machine Specification"/>
    <property name="PID" value="1608178"/>
    <property name="CONSOLE_LOG_CHARSET" value="UTF-8"/>
    <property name="native.encoding" value="UTF-8"/>
    <property name="java.library.path" value="/usr/java/packages/lib:/usr/lib64:/lib64:/lib:/usr/lib"/>
    <property name="java.vm.info" value="mixed mode, sharing"/>
    <property name="stderr.encoding" value="UTF-8"/>
    <property name="java.vendor" value="Oracle Corporation"/>
    <property name="java.vm.version" value="21.0.3+7-LTS-152"/>
    <property name="sun.io.unicode.encoding" value="UnicodeLittle"/>
    <property name="java.class.version" value="65.0"/>
    <property name="CONSOLE_LOG_PATTERN" value="%d{yyyy-MM-dd HH:mm:ss} - %msg%n"/>
  </properties>
  <testcase name="contextLoads" classname="com.threads.concurrency.ConcurrencyApplicationTests" time="1.097">
    <system-out><![CDATA[14:38:13.474 [main] INFO org.springframework.test.context.support.AnnotationConfigContextLoaderUtils -- Could not detect default configuration classes for test class [com.threads.concurrency.ConcurrencyApplicationTests]: ConcurrencyApplicationTests does not declare any static, non-private, non-final, nested classes annotated with @Configuration.
14:38:13.601 [main] INFO org.springframework.boot.test.context.SpringBootTestContextBootstrapper -- Found @SpringBootConfiguration com.threads.concurrency.ConcurrencyApplication for test class com.threads.concurrency.ConcurrencyApplicationTests
14:38:13.781 [main] INFO org.springframework.boot.devtools.restart.RestartApplicationListener -- Restart disabled due to context in which it is running

  .   ____          _            __ _ _
 /\\ / ___'_ __ _ _(_)_ __  __ _ \ \ \ \
( ( )\___ | '_ | '_| | '_ \/ _` | \ \ \ \
 \\/  ___)| |_)| | | | | || (_| |  ) ) ) )
  '  |____| .__|_| |_|_| |_\__, | / / / /
 =========|_|==============|___/=/_/_/_/

 :: Spring Boot ::                (v3.3.4)

{"timestamp":"2024-09-25T14:38:14.143", "level":"INFO", "thread":"[main]", "logger":"c.t.c.ConcurrencyApplicationTests", "message":"Starting ConcurrencyApplicationTests using Java 21.0.3 with PID 1608178 (started by kduah in /home/kduah/Desktop/threads/concurrency)", "exception":""}
{"timestamp":"2024-09-25T14:38:14.144", "level":"DEBUG", "thread":"[main]", "logger":"c.t.c.ConcurrencyApplicationTests", "message":"Running with Spring Boot v3.3.4, Spring v6.1.13", "exception":""}
{"timestamp":"2024-09-25T14:38:14.145", "level":"INFO", "thread":"[main]", "logger":"c.t.c.ConcurrencyApplicationTests", "message":"No active profile set, falling back to 1 default profile: "default"", "exception":""}
{"timestamp":"2024-09-25T14:38:15.630", "level":"INFO", "thread":"[main]", "logger":"o.s.d.r.c.RepositoryConfigurationDelegate", "message":"Multiple Spring Data modules found, entering strict repository configuration mode", "exception":""}
{"timestamp":"2024-09-25T14:38:15.632", "level":"INFO", "thread":"[main]", "logger":"o.s.d.r.c.RepositoryConfigurationDelegate", "message":"Bootstrapping Spring Data JDBC repositories in DEFAULT mode.", "exception":""}
{"timestamp":"2024-09-25T14:38:15.668", "level":"INFO", "thread":"[main]", "logger":"o.s.d.r.c.RepositoryConfigurationExtensionSupport", "message":"Spring Data JDBC - Could not safely identify store assignment for repository candidate interface com.threads.concurrency.Repositories.ChefRepository; If you want this repository to be a JDBC repository, consider annotating your entities with one of these annotations: org.springframework.data.relational.core.mapping.Table.", "exception":""}
{"timestamp":"2024-09-25T14:38:15.669", "level":"INFO", "thread":"[main]", "logger":"o.s.d.r.c.RepositoryConfigurationExtensionSupport", "message":"Spring Data JDBC - Could not safely identify store assignment for repository candidate interface com.threads.concurrency.Repositories.TaskRepository; If you want this repository to be a JDBC repository, consider annotating your entities with one of these annotations: org.springframework.data.relational.core.mapping.Table.", "exception":""}
{"timestamp":"2024-09-25T14:38:15.670", "level":"INFO", "thread":"[main]", "logger":"o.s.d.r.c.RepositoryConfigurationDelegate", "message":"Finished Spring Data repository scanning in 33 ms. Found 0 JDBC repository interfaces.", "exception":""}
{"timestamp":"2024-09-25T14:38:15.688", "level":"INFO", "thread":"[main]", "logger":"o.s.d.r.c.RepositoryConfigurationDelegate", "message":"Multiple Spring Data modules found, entering strict repository configuration mode", "exception":""}
{"timestamp":"2024-09-25T14:38:15.689", "level":"INFO", "thread":"[main]", "logger":"o.s.d.r.c.RepositoryConfigurationDelegate", "message":"Bootstrapping Spring Data JPA repositories in DEFAULT mode.", "exception":""}
{"timestamp":"2024-09-25T14:38:15.845", "level":"INFO", "thread":"[main]", "logger":"o.s.d.r.c.RepositoryConfigurationDelegate", "message":"Finished Spring Data repository scanning in 152 ms. Found 2 JPA repository interfaces.", "exception":""}
{"timestamp":"2024-09-25T14:38:15.878", "level":"INFO", "thread":"[main]", "logger":"o.s.d.r.c.RepositoryConfigurationDelegate", "message":"Multiple Spring Data modules found, entering strict repository configuration mode", "exception":""}
{"timestamp":"2024-09-25T14:38:15.880", "level":"INFO", "thread":"[main]", "logger":"o.s.d.r.c.RepositoryConfigurationDelegate", "message":"Bootstrapping Spring Data Redis repositories in DEFAULT mode.", "exception":""}
{"timestamp":"2024-09-25T14:38:15.895", "level":"INFO", "thread":"[main]", "logger":"o.s.d.r.c.RepositoryConfigurationExtensionSupport", "message":"Spring Data Redis - Could not safely identify store assignment for repository candidate interface com.threads.concurrency.Repositories.ChefRepository; If you want this repository to be a Redis repository, consider annotating your entities with one of these annotations: org.springframework.data.redis.core.RedisHash (preferred), or consider extending one of the following types with your repository: org.springframework.data.keyvalue.repository.KeyValueRepository", "exception":""}
{"timestamp":"2024-09-25T14:38:15.895", "level":"INFO", "thread":"[main]", "logger":"o.s.d.r.c.RepositoryConfigurationExtensionSupport", "message":"Spring Data Redis - Could not safely identify store assignment for repository candidate interface com.threads.concurrency.Repositories.TaskRepository; If you want this repository to be a Redis repository, consider annotating your entities with one of these annotations: org.springframework.data.redis.core.RedisHash (preferred), or consider extending one of the following types with your repository: org.springframework.data.keyvalue.repository.KeyValueRepository", "exception":""}
{"timestamp":"2024-09-25T14:38:15.898", "level":"INFO", "thread":"[main]", "logger":"o.s.d.r.c.RepositoryConfigurationDelegate", "message":"Finished Spring Data repository scanning in 8 ms. Found 0 Redis repository interfaces.", "exception":""}
{"timestamp":"2024-09-25T14:38:17.051", "level":"INFO", "thread":"[main]", "logger":"o.h.jpa.internal.util.LogHelper", "message":"HHH000204: Processing PersistenceUnitInfo [name: default]", "exception":""}
{"timestamp":"2024-09-25T14:38:17.113", "level":"INFO", "thread":"[main]", "logger":"org.hibernate.Version", "message":"HHH000412: Hibernate ORM core version 6.5.3.Final", "exception":""}
{"timestamp":"2024-09-25T14:38:17.154", "level":"INFO", "thread":"[main]", "logger":"o.h.c.i.RegionFactoryInitiator", "message":"HHH000026: Second-level cache disabled", "exception":""}
{"timestamp":"2024-09-25T14:38:17.807", "level":"INFO", "thread":"[main]", "logger":"o.s.o.j.p.SpringPersistenceUnitInfo", "message":"No LoadTimeWeaver setup: ignoring JPA class transformer", "exception":""}
{"timestamp":"2024-09-25T14:38:17.840", "level":"INFO", "thread":"[main]", "logger":"com.zaxxer.hikari.HikariDataSource", "message":"HikariPool-1 - Starting...", "exception":""}
{"timestamp":"2024-09-25T14:38:18.319", "level":"INFO", "thread":"[main]", "logger":"com.zaxxer.hikari.pool.HikariPool", "message":"HikariPool-1 - Added connection org.postgresql.jdbc.PgConnection@29431f61", "exception":""}
{"timestamp":"2024-09-25T14:38:18.321", "level":"INFO", "thread":"[main]", "logger":"com.zaxxer.hikari.HikariDataSource", "message":"HikariPool-1 - Start completed.", "exception":""}
{"timestamp":"2024-09-25T14:38:18.359", "level":"WARN", "thread":"[main]", "logger":"org.hibernate.orm.deprecation", "message":"HHH90000025: PostgreSQLDialect does not need to be specified explicitly using 'hibernate.dialect' (remove the property setting and it will be selected by default)", "exception":""}
{"timestamp":"2024-09-25T14:38:19.529", "level":"INFO", "thread":"[main]", "logger":"o.h.e.t.j.p.i.JtaPlatformInitiator", "message":"HHH000489: No JTA platform available (set 'hibernate.transaction.jta.platform' to enable JTA platform integration)", "exception":""}
{"timestamp":"2024-09-25T14:38:19.671", "level":"INFO", "thread":"[main]", "logger":"o.s.o.j.LocalContainerEntityManagerFactoryBean", "message":"Initialized JPA EntityManagerFactory for persistence unit 'default'", "exception":""}
{"timestamp":"2024-09-25T14:38:20.994", "level":"WARN", "thread":"[main]", "logger":"o.s.b.a.o.j.JpaBaseConfiguration$JpaWebConfiguration", "message":"spring.jpa.open-in-view is enabled by default. Therefore, database queries may be performed during view rendering. Explicitly configure spring.jpa.open-in-view to disable this warning", "exception":""}
{"timestamp":"2024-09-25T14:38:22.955", "level":"INFO", "thread":"[main]", "logger":"o.s.b.a.e.web.EndpointLinksResolver", "message":"Exposing 14 endpoints beneath base path '/actuator'", "exception":""}
{"timestamp":"2024-09-25T14:38:23.100", "level":"INFO", "thread":"[main]", "logger":"c.t.c.ConcurrencyApplicationTests", "message":"Started ConcurrencyApplicationTests in 9.332 seconds (process running for 10.56)", "exception":""}
]]></system-out>
    <system-err><![CDATA[SLF4J(W): Class path contains multiple SLF4J providers.
SLF4J(W): Found provider [ch.qos.logback.classic.spi.LogbackServiceProvider@689604d9]
SLF4J(W): Found provider [org.apache.logging.slf4j.SLF4JServiceProvider@18078bef]
SLF4J(W): See https://www.slf4j.org/codes.html#multiple_bindings for an explanation.
SLF4J(I): Actual provider is of type [ch.qos.logback.classic.spi.LogbackServiceProvider@689604d9]
WARNING: A Java agent has been loaded dynamically (/home/kduah/.m2/repository/net/bytebuddy/byte-buddy-agent/1.14.19/byte-buddy-agent-1.14.19.jar)
WARNING: If a serviceability tool is in use, please run with -XX:+EnableDynamicAgentLoading to hide this warning
WARNING: If a serviceability tool is not in use, please run with -Djdk.instrument.traceUsage for more information
WARNING: Dynamic loading of agents will be disallowed by default in a future release
]]></system-err>
  </testcase>
</testsuite>